<?xml version="1.0" encoding="UTF-8"?><testsuite errors="0" failures="1" name="org.example.features.search.SearchByKeywordStory" skipped="1" tests="3" time="14.5" timestamp="2021-05-18 02:58:37"><testcase classname="org.example.features.search.SearchByKeywordStory" name="Searching by keyword banana should display the corresponding article"/><testcase classname="org.example.features.search.SearchByKeywordStory" name="Searching by ambiguious keyword should display the disambiguation page"><skipped/></testcase><testcase classname="org.example.features.search.SearchByKeywordStory" name="Searching by keyword apple should display the corresponding article"><failure message="Expected enabled element was not enabled" type="net.thucydides.core.webdriver.exceptions.ElementShouldBeEnabledException">Expected enabled element was not enabled</failure><system-err>Expected enabled element was not enabled
org.example.pages.DictionaryPage.lookup_terms(DictionaryPage.java:29)
org.example.steps.serenity.EndUserSteps.starts_search(EndUserSteps.java:22)
org.example.steps.serenity.EndUserSteps.looks_for(EndUserSteps.java:38)
org.example.features.search.SearchByKeywordStory.searching_by_keyword_apple_should_display_the_corresponding_article(SearchByKeywordStory.java:28)
</system-err></testcase></testsuite>