<?xml version="1.0" encoding="UTF-8"?><testsuite errors="1" failures="0" name="org.example.features.search.SearchByKeywordStory" skipped="1" tests="2" time="5.6" timestamp="2021-05-18 02:58:11"><testcase classname="org.example.features.search.SearchByKeywordStory" name="Searching by keyword banana should display the corresponding article"><error message="no such window: window was already closed&#10;  (Session info: chrome=90.0.4430.212)&#10;Build info: version: '3.141.59', revision: 'e82be7d358', time: '2018-11-14T08:17:03'&#10;System info: host: 'Alexandrus-MacBook-Pro.local', ip: 'fe80:0:0:0:5:fc7a:d1c1:dbac%en0', os.name: 'Mac OS X', os.arch: 'x86_64', os.version: '10.16', java.version: '15'&#10;Driver info: org.openqa.selenium.chrome.ChromeDriver&#10;Capabilities {acceptInsecureCerts: false, browserName: chrome, browserVersion: 90.0.4430.212, chrome: {chromedriverVersion: 90.0.4430.24 (4c6d850f087da..., userDataDir: /var/folders/kf/l22ft1yj5vz...}, goog:chromeOptions: {debuggerAddress: localhost:58769}, javascriptEnabled: true, networkConnectionEnabled: false, pageLoadStrategy: normal, platform: MAC, platformName: MAC, proxy: Proxy(), setWindowRect: true, strictFileInteractability: false, timeouts: {implicit: 0, pageLoad: 300000, script: 30000}, unhandledPromptBehavior: dismiss and notify, webauthn:extension:largeBlob: true, webauthn:virtualAuthenticators: true}&#10;Session ID: 662ec493d7fceff22033ca522fa01dc6&#10;*** Element info: {Using=tag name, value=ol}" type="org.openqa.selenium.NoSuchWindowException">no such window: window was already closed
  (Session info: chrome=90.0.4430.212)
Build info: version: '3.141.59', revision: 'e82be7d358', time: '2018-11-14T08:17:03'
System info: host: 'Alexandrus-MacBook-Pro.local', ip: 'fe80:0:0:0:5:fc7a:d1c1:dbac%en0', os.name: 'Mac OS X', os.arch: 'x86_64', os.version: '10.16', java.version: '15'
Driver info: org.openqa.selenium.chrome.ChromeDriver
Capabilities {acceptInsecureCerts: false, browserName: chrome, browserVersion: 90.0.4430.212, chrome: {chromedriverVersion: 90.0.4430.24 (4c6d850f087da..., userDataDir: /var/folders/kf/l22ft1yj5vz...}, goog:chromeOptions: {debuggerAddress: localhost:58769}, javascriptEnabled: true, networkConnectionEnabled: false, pageLoadStrategy: normal, platform: MAC, platformName: MAC, proxy: Proxy(), setWindowRect: true, strictFileInteractability: false, timeouts: {implicit: 0, pageLoad: 300000, script: 30000}, unhandledPromptBehavior: dismiss and notify, webauthn:extension:largeBlob: true, webauthn:virtualAuthenticators: true}
Session ID: 662ec493d7fceff22033ca522fa01dc6
*** Element info: {Using=tag name, value=ol}</error><system-err>no such window: window was already closed
  (Session info: chrome=90.0.4430.212)
Build info: version: '3.141.59', revision: 'e82be7d358', time: '2018-11-14T08:17:03'
System info: host: 'Alexandrus-MacBook-Pro.local', ip: 'fe80:0:0:0:5:fc7a:d1c1:dbac%en0', os.name: 'Mac OS X', os.arch: 'x86_64', os.version: '10.16', java.version: '15'
Driver info: org.openqa.selenium.chrome.ChromeDriver
Capabilities {acceptInsecureCerts: false, browserName: chrome, browserVersion: 90.0.4430.212, chrome: {chromedriverVersion: 90.0.4430.24 (4c6d850f087da..., userDataDir: /var/folders/kf/l22ft1yj5vz...}, goog:chromeOptions: {debuggerAddress: localhost:58769}, javascriptEnabled: true, networkConnectionEnabled: false, pageLoadStrategy: normal, platform: MAC, platformName: MAC, proxy: Proxy(), setWindowRect: true, strictFileInteractability: false, timeouts: {implicit: 0, pageLoad: 300000, script: 30000}, unhandledPromptBehavior: dismiss and notify, webauthn:extension:largeBlob: true, webauthn:virtualAuthenticators: true}
Session ID: 662ec493d7fceff22033ca522fa01dc6
*** Element info: {Using=tag name, value=ol}
org.example.pages.DictionaryPage.getDefinitions(DictionaryPage.java:34)
org.example.steps.serenity.EndUserSteps.should_see_definition(EndUserSteps.java:27)
org.example.features.search.SearchByKeywordStory.searching_by_keyword_banana_should_display_the_corresponding_article(SearchByKeywordStory.java:37)
</system-err></testcase><testcase classname="org.example.features.search.SearchByKeywordStory" name="Searching by ambiguious keyword should display the disambiguation page"><skipped/></testcase></testsuite>